E:\VISUAL STUDIO 2010\PROJECTS\02 ULTRACALCULATOR\ULTRACALCULATOR\V18-64BIT\X64\ACRXENTRYPOINT.OBJ
E:\VISUAL STUDIO 2010\PROJECTS\02 ULTRACALCULATOR\ULTRACALCULATOR\V18-64BIT\X64\CARXHELPER.OBJ
E:\VISUAL STUDIO 2010\PROJECTS\02 ULTRACALCULATOR\ULTRACALCULATOR\V18-64BIT\X64\CENTITY.OBJ
E:\VISUAL STUDIO 2010\PROJECTS\02 ULTRACALCULATOR\ULTRACALCULATOR\V18-64BIT\X64\CENTITYSELECTOR.OBJ
E:\visual studio 2010\Projects\02 Ultracalculator\Ultracalculator\v18-64bit\x64\cl.command.1.tlog
E:\visual studio 2010\Projects\02 Ultracalculator\Ultracalculator\v18-64bit\x64\CL.read.1.tlog
E:\visual studio 2010\Projects\02 Ultracalculator\Ultracalculator\v18-64bit\x64\CL.write.1.tlog
E:\VISUAL STUDIO 2010\PROJECTS\02 ULTRACALCULATOR\ULTRACALCULATOR\V18-64BIT\X64\CMDHANDLER.OBJ
E:\VISUAL STUDIO 2010\PROJECTS\02 ULTRACALCULATOR\ULTRACALCULATOR\V18-64BIT\X64\CMDHELPER.OBJ
E:\VISUAL STUDIO 2010\PROJECTS\02 ULTRACALCULATOR\ULTRACALCULATOR\V18-64BIT\X64\CMULTDTEXT.OBJ
E:\VISUAL STUDIO 2010\PROJECTS\02 ULTRACALCULATOR\ULTRACALCULATOR\V18-64BIT\X64\CTEXTJIG.OBJ
E:\VISUAL STUDIO 2010\PROJECTS\02 ULTRACALCULATOR\ULTRACALCULATOR\V18-64BIT\X64\DOCDATA.OBJ
E:\VISUAL STUDIO 2010\PROJECTS\02 ULTRACALCULATOR\ULTRACALCULATOR\V18-64BIT\X64\EXPRESS.OBJ
E:\VISUAL STUDIO 2010\PROJECTS\02 ULTRACALCULATOR\ULTRACALCULATOR\V18-64BIT\X64\FUNCTION.OBJ
E:\visual studio 2010\Projects\02 Ultracalculator\Ultracalculator\v18-64bit\x64\link.command.1.tlog
E:\visual studio 2010\Projects\02 Ultracalculator\Ultracalculator\v18-64bit\x64\link.read.1.tlog
E:\visual studio 2010\Projects\02 Ultracalculator\Ultracalculator\v18-64bit\x64\link.write.1.tlog
E:\VISUAL STUDIO 2010\PROJECTS\02 ULTRACALCULATOR\ULTRACALCULATOR\V18-64BIT\X64\MAINDLG.OBJ
E:\visual studio 2010\Projects\02 Ultracalculator\Ultracalculator\v18-64bit\x64\rc.command.1.tlog
E:\visual studio 2010\Projects\02 Ultracalculator\Ultracalculator\v18-64bit\x64\rc.read.1.tlog
E:\visual studio 2010\Projects\02 Ultracalculator\Ultracalculator\v18-64bit\x64\rc.write.1.tlog
E:\VISUAL STUDIO 2010\PROJECTS\02 ULTRACALCULATOR\ULTRACALCULATOR\V18-64BIT\X64\STDAFX.OBJ
E:\VISUAL STUDIO 2010\PROJECTS\02 ULTRACALCULATOR\ULTRACALCULATOR\V18-64BIT\X64\STRINGHELPER.OBJ
E:\VISUAL STUDIO 2010\PROJECTS\02 ULTRACALCULATOR\ULTRACALCULATOR\V18-64BIT\X64\ULTRACALCULATOR.OBJ
E:\VISUAL STUDIO 2010\PROJECTS\02 ULTRACALCULATOR\ULTRACALCULATOR\V18-64BIT\X64\ULTRACALCULATOR.RES
E:\visual studio 2010\Projects\02 Ultracalculator\Ultracalculator\v18-64bit\x64\v18-64bit.arx.embed.manifest
E:\VISUAL STUDIO 2010\PROJECTS\02 ULTRACALCULATOR\ULTRACALCULATOR\V18-64BIT\X64\V18-64BIT.ARX.EMBED.MANIFEST.RES
E:\VISUAL STUDIO 2010\PROJECTS\02 ULTRACALCULATOR\ULTRACALCULATOR\V18-64BIT\X64\V18-64BIT.PCH
E:\visual studio 2010\Projects\02 Ultracalculator\Ultracalculator\v18-64bit\x64\v18-64bit.write.1.tlog
E:\visual studio 2010\Projects\02 Ultracalculator\Ultracalculator\v18-64bit\x64\v18-64bit_manifest.rc
